<?xml version="1.0" encoding="UTF-8"?>
<!-- Generated by org.testng.reporters.JUnitReportReporter -->
<testsuite hostname="DESKTOP-V4I1EQO" failures="0" tests="2" name="com.qa.tests.LoginTests" time="17.780" errors="0" timestamp="25 Mar 2022 01:03:00 GMT" skipped="0">
  <testcase classname="com.qa.tests.LoginTests" name="testLoginPage" time="9.876"/>
  <testcase classname="com.qa.tests.LoginTests" name="testvalidteForgotPasswordLinl" time="7.904"/>
</testsuite> <!-- com.qa.tests.LoginTests -->
