<?xml version="1.0" encoding="UTF-8"?>
<!-- Generated by org.testng.reporters.JUnitReportReporter -->
<testsuite hostname="DESKTOP-V4I1EQO" failures="0" tests="1" name="com.acti.base.DriverScript" time="2.648" errors="0" timestamp="20 Mar 2022 16:08:56 GMT" skipped="0">
  <testcase classname="com.acti.base.DriverScript" name="initApplication" time="2.648"/>
</testsuite> <!-- com.acti.base.DriverScript -->
