<?xml version="1.0" encoding="UTF-8"?>
<!-- Generated by org.testng.reporters.JUnitReportReporter -->
<testsuite hostname="DESKTOP-V4I1EQO" failures="0" tests="1" name="com.acti.base.DriverScript1" time="3.295" errors="0" timestamp="19 Mar 2022 18:54:00 GMT" skipped="0">
  <testcase classname="com.acti.base.DriverScript1" name="initApplication" time="3.295"/>
</testsuite> <!-- com.acti.base.DriverScript1 -->
