<?xml version="1.0" encoding="UTF-8"?>
<!-- Generated by org.testng.reporters.JUnitReportReporter -->
<testsuite hostname="DESKTOP-V4I1EQO" failures="0" tests="2" name="com.qa.tests.TasksListPage" time="43.810" errors="0" timestamp="04 Apr 2022 18:53:24 GMT" skipped="0">
  <testcase classname="com.qa.tests.TasksListPage" name="taskslist" time="16.595"/>
  <testcase classname="com.qa.tests.TasksListPage" name="testDeleteCustomer" time="27.215"/>
</testsuite> <!-- com.qa.tests.TasksListPage -->
