<?xml version="1.0" encoding="UTF-8"?>
<!-- Generated by org.testng.reporters.JUnitReportReporter -->
<testsuite hostname="DESKTOP-V4I1EQO" failures="0" tests="2" name="com.qa.tests.LoginTests" time="30.003" errors="0" timestamp="31 Mar 2022 22:27:34 GMT" skipped="0">
  <testcase classname="com.qa.tests.LoginTests" name="testLoginPage" time="15.184"/>
  <testcase classname="com.qa.tests.LoginTests" name="testLoginPage" time="14.819"/>
</testsuite> <!-- com.qa.tests.LoginTests -->
