<?xml version="1.0" encoding="UTF-8"?>
<!-- Generated by org.testng.reporters.JUnitReportReporter -->
<testsuite hostname="DESKTOP-V4I1EQO" failures="0" tests="1" name="com.qa.tests.TasksListPage" time="17.348" errors="0" timestamp="30 Mar 2022 23:57:23 GMT" skipped="0">
  <testcase classname="com.qa.tests.TasksListPage" name="taskslist" time="17.348"/>
</testsuite> <!-- com.qa.tests.TasksListPage -->
