<?xml version="1.0" encoding="UTF-8"?>
<!-- Generated by org.testng.reporters.JUnitReportReporter -->
<testsuite hostname="DESKTOP-V4I1EQO" failures="0" tests="2" name="com.qa.tests.TasksListPage" time="38.577" errors="0" timestamp="30 Mar 2022 23:19:10 GMT" skipped="0">
  <testcase classname="com.qa.tests.TasksListPage" name="taskslist" time="11.788"/>
  <testcase classname="com.qa.tests.TasksListPage" name="testDeleteCustomer" time="26.789"/>
</testsuite> <!-- com.qa.tests.TasksListPage -->
