<?xml version="1.0" encoding="UTF-8"?>
<!-- Generated by org.testng.reporters.JUnitReportReporter -->
<testsuite hostname="DESKTOP-V4I1EQO" failures="0" tests="2" name="com.qa.tests.TasksListPage" time="44.126" errors="0" timestamp="31 Mar 2022 00:52:05 GMT" skipped="0">
  <testcase classname="com.qa.tests.TasksListPage" name="taskslist" time="17.027"/>
  <testcase classname="com.qa.tests.TasksListPage" name="testDeleteCustomer" time="27.099"/>
</testsuite> <!-- com.qa.tests.TasksListPage -->
