<?xml version="1.0" encoding="UTF-8"?>
<!-- Generated by org.testng.reporters.JUnitReportReporter -->
<testsuite hostname="DESKTOP-V4I1EQO" failures="0" tests="1" name="com.qa.tests.ReportsPageTest" time="33.210" errors="0" timestamp="31 Mar 2022 01:47:32 GMT" skipped="0">
  <testcase classname="com.qa.tests.ReportsPageTest" name="reportspage" time="33.210"/>
</testsuite> <!-- com.qa.tests.ReportsPageTest -->
